<?xml version="1.0" encoding="UTF-8"?>
<!-- Generated by org.testng.reporters.JUnitXMLReporter -->
<testsuite ignored="0" hostname="LTIN168041" failures="0" tests="1" name="Test" time="0.115" errors="0" timestamp="2024-02-19T14:38:40 IST">
  <testcase classname="TestBase.BaseClass" name="@BeforeClass setUp" time="-1.708333720362E9">
    <failure type="org.testng.TestNGException" message="
Parameter &amp;apos;browser&amp;apos; is required by BeforeClass on method setUp but has not been marked @Optional or defined
in C:\Users\2303822\eclipse-workspace\Identify Courses\testng.xml">
      <![CDATA[org.testng.TestNGException: 
Parameter 'browser' is required by BeforeClass on method setUp but has not been marked @Optional or defined
in C:\Users\2303822\eclipse-workspace\Identify Courses\testng.xml
at java.base/java.util.ArrayList.forEach(ArrayList.java:1511)
... Removed 26 stack frames]]>
    </failure>
  </testcase> <!-- @BeforeClass setUp -->
  <testcase classname="TestBase.BaseClass" name="@AfterClass tearDown" time="0.0">
    <skipped/>
  </testcase> <!-- @AfterClass tearDown -->
  <testcase classname="TestCases.Tc_001_HolidayHomeTest" name="verify_1" time="0.0">
    <skipped/>
  </testcase> <!-- verify_1 -->
</testsuite> <!-- Test -->
